<?xml version="1.0" encoding="UTF-8" ?>
<testsuite errors="3" failures="0" hostname="rk-NB" name="expensemanager.AccountManagerImplTest" skipped="0" tests="3" time="0.098" timestamp="2015-03-10T13:20:16">
  <properties>
    <property name="netbeans.autoupdate.country" value="SK" />
    <property name="nb.wait.for.caches" value="true" />
    <property name="javac.test.classpath" value=":build/classes:C:\Program Files (x86)\NetBeans 8.0.1\platform\modules\ext\junit-4.10.jar" />
    <property name="libs.junit.javadoc" value="C:\Program Files (x86)\NetBeans 8.0.1\java\docs\junit-3.8.2-api.zip" />
    <property name="ant.core.lib" value="C:\Program Files (x86)\NetBeans 8.0.1\extide\ant\lib\ant.jar" />
    <property name="javadoc.windowtitle" value="" />
    <property name="user.dir" value="D:\workspace\ExpenseManager" />
    <property name="java.vm.version" value="25.25-b02" />
    <property name="libs.MyLibrary.src" value="D:\lab\smartcard\java_card_kit-2_1_2\lib\api21.jar" />
    <property name="libs.MySQLDriver.classpath" value="C:\Program Files (x86)\NetBeans 8.0.1\ide\modules\ext\mysql-connector-java-5.1.23-bin.jar" />
    <property name="libs.eclipselinkmodelgen.src" value="" />
    <property name="javadoc.notree" value="false" />
    <property name="libs.javaCard_2.1.2.src" value="" />
    <property name="netbeans.autoupdate.version" value="1.23" />
    <property name="javac.profile.cmd.line.arg" value="" />
    <property name="jdk.home" value="C:\Program Files (x86)\Java\jdk1.8.0_25" />
    <property name="libs.javac-api.src" value="" />
    <property name="javadoc.noindex" value="false" />
    <property name="libs.jpa2-persistence.classpath" value="C:\Program Files (x86)\NetBeans 8.0.1\java\modules\ext\hibernate4\hibernate-jpa-2.1-api-1.0.0.Final.jar" />
    <property name="sun.os.patch.level" value="Service Pack 1" />
    <property name="libs.jksim2.2.1.src" value="" />
    <property name="do.archive+manifest.available" value="true" />
    <property name="java.vm.specification.name" value="Java Virtual Machine Specification" />
    <property name="nb.show.statistics.ui" value="usageStatisticsEnabled" />
    <property name="netbeans.autoupdate.variant" value="" />
    <property name="have.tests" value="true" />
    <property name="org.xml.sax.driver" value="com.sun.org.apache.xerces.internal.jaxp.SAXParserImpl$JAXPSAXParser" />
    <property name="libs.javac-api.javadoc" value="" />
    <property name="os.name" value="Windows 7" />
    <property name="libs.beans-binding.classpath" value="C:\Program Files (x86)\NetBeans 8.0.1\java\modules\ext\beansbinding-1.2.1.jar" />
    <property name="ap.proc.none.internal" value="" />
    <property name="libs.JWSAntTasks.maven-pom" value="" />
    <property name="libs.testng.src" value="" />
    <property name="libs.JC2.2.1.classpath" value="D:\lab\smartcard\java_card_kit-2_2_1\lib\apduio.jar;D:\lab\smartcard\java_card_kit-2_2_1\lib\apdutool.jar;D:\lab\smartcard\java_card_kit-2_2_1\lib\api.jar;D:\lab\smartcard\java_card_kit-2_2_1\lib\capdump.jar;D:\lab\smartcard\java_card_kit-2_2_1\lib\converter.jar;D:\lab\smartcard\java_card_kit-2_2_1\lib\installer.jar;D:\lab\smartcard\java_card_kit-2_2_1\lib\javacardframework.jar;D:\lab\smartcard\java_card_kit-2_2_1\lib\jcclientsamples.jar;D:\lab\smartcard\java_card_kit-2_2_1\lib\jcrmiclientframework.jar;D:\lab\smartcard\java_card_kit-2_2_1\lib\jcwde.jar;D:\lab\smartcard\java_card_kit-2_2_1\lib\offcardverifier.jar;D:\lab\smartcard\java_card_kit-2_2_1\lib\scriptgen.jar" />
    <property name="java.vendor.url.bug" value="http://bugreport.sun.com/bugreport/" />
    <property name="libs.jaxb.maven-pom" value="" />
    <property name="os.arch" value="x86" />
    <property name="libs.eclipselink.src" value="" />
    <property name="user.name" value="rk" />
    <property name="copylibs.rebase" value="true" />
    <property name="libs.swing-layout.maven-pom" value="" />
    <property name="sun.java.command" value="org.apache.tools.ant.taskdefs.optional.junit.JUnitTestRunner expensemanager.AccountManagerImplTest skipNonTests=false filtertrace=true haltOnError=false haltOnFailure=false showoutput=true outputtoformatters=true logfailedtests=true threadid=0 logtestlistenerevents=true formatter=org.apache.tools.ant.taskdefs.optional.junit.BriefJUnitResultFormatter formatter=org.apache.tools.ant.taskdefs.optional.junit.XMLJUnitResultFormatter,D:\workspace\ExpenseManager\build\test\results\TEST-expensemanager.AccountManagerImplTest.xml crashfile=D:\workspace\ExpenseManager\build\junitvmwatcher7510762236774160121.properties propsfile=D:\workspace\ExpenseManager\build\junit4629013230437469525.properties" />
    <property name="build.classes.dir" value="build/classes" />
    <property name="netbeans.accept_license_class" value="org.netbeans.license.AcceptLicense" />
    <property name="build.sysclasspath" value="ignore" />
    <property name="ap.supported.internal" value="true" />
    <property name="libs.jaxws21.javadoc" value="C:\Program Files (x86)\NetBeans 8.0.1\java\docs\jaxws-api-doc.zip" />
    <property name="includes" value="**" />
    <property name="user.country" value="SK" />
    <property name="libs.javaCard_2.1.2.maven-pom" value="" />
    <property name="manifest.file" value="manifest.mf" />
    <property name="javadoc.encoding" value="UTF-8" />
    <property name="javac.classpath" value="" />
    <property name="libs.spring-framework400.classpath" value="C:\Program Files (x86)\NetBeans 8.0.1\ide\modules\org-apache-commons-logging.jar;C:\Program Files (x86)\NetBeans 8.0.1\java\modules\ext\cglib-2.2.jar;C:\Program Files (x86)\NetBeans 8.0.1\java\modules\ext\spring-4\spring-aop-4.0.1.RELEASE.jar;C:\Program Files (x86)\NetBeans 8.0.1\java\modules\ext\spring-4\spring-aspects-4.0.1.RELEASE.jar;C:\Program Files (x86)\NetBeans 8.0.1\java\modules\ext\spring-4\spring-beans-4.0.1.RELEASE.jar;C:\Program Files (x86)\NetBeans 8.0.1\java\modules\ext\spring-4\spring-build-src-4.0.1.RELEASE.jar;C:\Program Files (x86)\NetBeans 8.0.1\java\modules\ext\spring-4\spring-context-4.0.1.RELEASE.jar;C:\Program Files (x86)\NetBeans 8.0.1\java\modules\ext\spring-4\spring-context-support-4.0.1.RELEASE.jar;C:\Program Files (x86)\NetBeans 8.0.1\java\modules\ext\spring-4\spring-core-4.0.1.RELEASE.jar;C:\Program Files (x86)\NetBeans 8.0.1\java\modules\ext\spring-4\spring-expression-4.0.1.RELEASE.jar;C:\Program Files (x86)\NetBeans 8.0.1\java\modules\ext\spring-4\spring-framework-bom-4.0.1.RELEASE.jar;C:\Program Files (x86)\NetBeans 8.0.1\java\modules\ext\spring-4\spring-instrument-4.0.1.RELEASE.jar;C:\Program Files (x86)\NetBeans 8.0.1\java\modules\ext\spring-4\spring-instrument-tomcat-4.0.1.RELEASE.jar;C:\Program Files (x86)\NetBeans 8.0.1\java\modules\ext\spring-4\spring-jdbc-4.0.1.RELEASE.jar;C:\Program Files (x86)\NetBeans 8.0.1\java\modules\ext\spring-4\spring-jms-4.0.1.RELEASE.jar;C:\Program Files (x86)\NetBeans 8.0.1\java\modules\ext\spring-4\spring-messaging-4.0.1.RELEASE.jar;C:\Program Files (x86)\NetBeans 8.0.1\java\modules\ext\spring-4\spring-orm-4.0.1.RELEASE.jar;C:\Program Files (x86)\NetBeans 8.0.1\java\modules\ext\spring-4\spring-oxm-4.0.1.RELEASE.jar;C:\Program Files (x86)\NetBeans 8.0.1\java\modules\ext\spring-4\spring-test-4.0.1.RELEASE.jar;C:\Program Files (x86)\NetBeans 8.0.1\java\modules\ext\spring-4\spring-tx-4.0.1.RELEASE.jar;C:\Program Files (x86)\NetBeans 8.0.1\java\modules\ext\spring-4\spring-web-4.0.1.RELEASE.jar;C:\Program Files (x86)\NetBeans 8.0.1\java\modules\ext\spring-4\spring-webmvc-4.0.1.RELEASE.jar;C:\Program Files (x86)\NetBeans 8.0.1\java\modules\ext\spring-4\spring-webmvc-portlet-4.0.1.RELEASE.jar;C:\Program Files (x86)\NetBeans 8.0.1\java\modules\ext\spring-4\spring-websocket-4.0.1.RELEASE.jar" />
    <property name="debug-transport" value="dt_shmem" />
    <property name="netbeans.home" value="C:\Program Files (x86)\NetBeans 8.0.1\platform" />
    <property name="build.compiler.emacs" value="true" />
    <property name="java.endorsed.dirs" value="C:\Program Files (x86)\Java\jdk1.8.0_25\jre\lib\endorsed" />
    <property name="ant.file.ExpenseManager-impl" value="D:\workspace\ExpenseManager\nbproject\build-impl.xml" />
    <property name="netbeans.dynamic.classpath" value="C:\Program Files (x86)\NetBeans 8.0.1\platform\core\core.jar;C:\Program Files (x86)\NetBeans 8.0.1\platform\core\org-openide-filesystems.jar;C:\Program Files (x86)\NetBeans 8.0.1\platform\core\locale\core_ja.jar;C:\Program Files (x86)\NetBeans 8.0.1\platform\core\locale\core_pt_BR.jar;C:\Program Files (x86)\NetBeans 8.0.1\platform\core\locale\core_ru.jar;C:\Program Files (x86)\NetBeans 8.0.1\platform\core\locale\core_zh_CN.jar;C:\Program Files (x86)\NetBeans 8.0.1\platform\core\locale\org-openide-filesystems_ja.jar;C:\Program Files (x86)\NetBeans 8.0.1\platform\core\locale\org-openide-filesystems_pt_BR.jar;C:\Program Files (x86)\NetBeans 8.0.1\platform\core\locale\org-openide-filesystems_ru.jar;C:\Program Files (x86)\NetBeans 8.0.1\platform\core\locale\org-openide-filesystems_zh_CN.jar;C:\Program Files (x86)\NetBeans 8.0.1\nb\core\org-netbeans-upgrader.jar;C:\Program Files (x86)\NetBeans 8.0.1\nb\core\locale\core_nb.jar;C:\Program Files (x86)\NetBeans 8.0.1\nb\core\locale\core_nb_ja.jar;C:\Program Files (x86)\NetBeans 8.0.1\nb\core\locale\core_nb_pt_BR.jar;C:\Program Files (x86)\NetBeans 8.0.1\nb\core\locale\core_nb_ru.jar;C:\Program Files (x86)\NetBeans 8.0.1\nb\core\locale\core_nb_zh_CN.jar;C:\Program Files (x86)\NetBeans 8.0.1\nb\core\locale\org-netbeans-upgrader_ja.jar;C:\Program Files (x86)\NetBeans 8.0.1\nb\core\locale\org-netbeans-upgrader_pt_BR.jar;C:\Program Files (x86)\NetBeans 8.0.1\nb\core\locale\org-netbeans-upgrader_ru.jar;C:\Program Files (x86)\NetBeans 8.0.1\nb\core\locale\org-netbeans-upgrader_zh_CN.jar" />
    <property name="java.vm.specification.version" value="1.8" />
    <property name="libs.hibernate4-support.src" value="" />
    <property name="netbeans.productversion" value="NetBeans IDE 8.0.1 (Build 201408251540)" />
    <property name="libs.jaxws21.src" value="" />
    <property name="do.archive" value="true" />
    <property name="netbeans.autoupdate.language" value="sk" />
    <property name="java.vendor" value="Oracle Corporation" />
    <property name="jar.index.metainf" value="false" />
    <property name="javac.debug" value="true" />
    <property name="javadoc.splitindex" value="true" />
    <property name="file.separator" value="\" />
    <property name="libs.jksim2.2.1.maven-pom" value="" />
    <property name="libs.JC2.2.1.javadoc" value="" />
    <property name="libs.junit_4.maven-pom" value="" />
    <property name="mkdist.disabled" value="false" />
    <property name="javac.test.processorpath" value=":build/classes:C:\Program Files (x86)\NetBeans 8.0.1\platform\modules\ext\junit-4.10.jar" />
    <property name="netbeans.buildnumber" value="201408251540" />
    <property name="libs.JWSAntTasks.javadoc" value="" />
    <property name="build.generated.sources.dir" value="build/generated-sources" />
    <property name="user.variant" value="" />
    <property name="libs.eclipselinkmodelgen.classpath" value="C:\Program Files (x86)\NetBeans 8.0.1\java\modules\ext\eclipselink\org.eclipse.persistence.jpa.modelgen_2.5.2.v20140319-9ad6abd.jar" />
    <property name="sun.java.launcher" value="SUN_STANDARD" />
    <property name="libs.junit.classpath" value="C:\Program Files (x86)\NetBeans 8.0.1\java\modules\ext\junit-3.8.2.jar" />
    <property name="libs.hibernate4-persistencemodelgen.javadoc" value="" />
    <property name="libs.jaxb.javadoc" value="C:\Program Files (x86)\NetBeans 8.0.1\ide\docs\jaxb-api-doc.zip" />
    <property name="ant.home" value="C:\Program Files (x86)\NetBeans 8.0.1\extide\ant" />
    <property name="libs.junit_4.src" value="C:\Program Files (x86)\NetBeans 8.0.1\java\docs\junit-4.10-sources.jar" />
    <property name="libs.testng.classpath" value="C:\Program Files (x86)\NetBeans 8.0.1\platform\modules\ext\testng-6.8.1-dist.jar" />
    <property name="libs.absolutelayout.maven-pom" value="" />
    <property name="ant.java.version" value="1.8" />
    <property name="java.library.path" value="C:\Program Files (x86)\Java\jdk1.8.0_25\jre\bin;C:\Windows\Sun\Java\bin;C:\Windows\system32;C:\Windows;C:\Program Files (x86)\AMD APP\bin\x86_64;C:\Program Files (x86)\AMD APP\bin\x86;C:\ProgramData\Oracle\Java\javapath;C:\Program Files (x86)\Common Files\Intel\Shared Files\cpp\bin\Intel64;C:\Windows\system32;C:\Windows;C:\Windows\System32\Wbem;C:\Windows\System32\WindowsPowerShell\v1.0\;C:\Program Files (x86)\ATI Technologies\ATI.ACE\Core-Static;C:\Program Files\TortoiseSVN\bin;c:\Program Files (x86)\QuickTime\QTSystem\;C:\Program Files (x86)\Windows Kits\8.1\Windows Performance Toolkit\;C:\Program Files\Microsoft SQL Server\110\Tools\Binn\;C:\Program Files\OpenVPN\bin;." />
    <property name="javadoc.author" value="false" />
    <property name="java.util.logging.config.class" value="org.netbeans.core.startup.TopLogging" />
    <property name="libs.spring-framework400.src" value="" />
    <property name="libs.PostgreSQLDriver.src" value="" />
    <property name="sun.arch.data.model" value="32" />
    <property name="basedir" value="D:\workspace\ExpenseManager" />
    <property name="libs.jpa20-persistence.maven-pom" value="" />
    <property name="jar.compress" value="false" />
    <property name="path.separator" value=";" />
    <property name="ant.junit.enabletestlistenerevents" value="true" />
    <property name="sun.io.unicode.encoding" value="UnicodeLittle" />
    <property name="libs.jaxws21.classpath" value="C:\Program Files (x86)\NetBeans 8.0.1\ide\modules\ext\jaxb\jaxb-impl.jar;C:\Program Files (x86)\NetBeans 8.0.1\ide\modules\ext\jaxb\jaxb-xjc.jar;C:\Program Files (x86)\NetBeans 8.0.1\java\modules\ext\jaxws22\FastInfoset.jar;C:\Program Files (x86)\NetBeans 8.0.1\java\modules\ext\jaxws22\gmbal-api-only.jar;C:\Program Files (x86)\NetBeans 8.0.1\java\modules\ext\jaxws22\ha-api.jar;C:\Program Files (x86)\NetBeans 8.0.1\java\modules\ext\jaxws22\javax.mail_1.4.jar;C:\Program Files (x86)\NetBeans 8.0.1\java\modules\ext\jaxws22\jaxws-rt.jar;C:\Program Files (x86)\NetBeans 8.0.1\java\modules\ext\jaxws22\jaxws-tools.jar;C:\Program Files (x86)\NetBeans 8.0.1\java\modules\ext\jaxws22\management-api.jar;C:\Program Files (x86)\NetBeans 8.0.1\java\modules\ext\jaxws22\mimepull.jar;C:\Program Files (x86)\NetBeans 8.0.1\java\modules\ext\jaxws22\policy.jar;C:\Program Files (x86)\NetBeans 8.0.1\java\modules\ext\jaxws22\saaj-impl.jar;C:\Program Files (x86)\NetBeans 8.0.1\java\modules\ext\jaxws22\stax-ex.jar;C:\Program Files (x86)\NetBeans 8.0.1\java\modules\ext\jaxws22\stax2-api.jar;C:\Program Files (x86)\NetBeans 8.0.1\java\modules\ext\jaxws22\streambuffer.jar;C:\Program Files (x86)\NetBeans 8.0.1\java\modules\ext\jaxws22\woodstox-core-asl.jar;C:\Program Files (x86)\NetBeans 8.0.1\java\modules\ext\jaxws22\api\jaxws-api.jar;C:\Program Files (x86)\NetBeans 8.0.1\java\modules\ext\jaxws22\api\jsr181-api.jar;C:\Program Files (x86)\NetBeans 8.0.1\java\modules\ext\jaxws22\api\javax.annotation.jar;C:\Program Files (x86)\NetBeans 8.0.1\java\modules\ext\jaxws22\api\saaj-api.jar;C:\Program Files (x86)\NetBeans 8.0.1\ide\modules\ext\jaxb\activation.jar;C:\Program Files (x86)\NetBeans 8.0.1\ide\modules\ext\jaxb\api\jaxb-api.jar;C:\Program Files (x86)\NetBeans 8.0.1\ide\modules\ext\jaxb\api\jsr173_1.0_api.jar" />
    <property name="compile.on.save" value="true" />
    <property name="apple.awt.graphics.UseQuartz" value="true" />
    <property name="user.language" value="sk" />
    <property name="testng.mode" value="testng" />
    <property name="libs.JAXB-ENDORSED.maven-pom" value="" />
    <property name="libs.eclipselink.maven-pom" value="" />
    <property name="test.binaryincludes" value="&lt;nothing&gt;" />
    <property name="manifest.available" value="true" />
    <property name="libs.spring-framework300.maven-pom" value="" />
    <property name="run.test.classpath" value=":build/classes:C:\Program Files (x86)\NetBeans 8.0.1\platform\modules\ext\junit-4.10.jar:build/test/classes" />
    <property name="ant.project.invoked-targets" value="test" />
    <property name="test.binaryexcludes" value="" />
    <property name="libs.swing-layout.javadoc" value="C:\Program Files (x86)\NetBeans 8.0.1\platform\docs\swing-layout-1.0.4-doc.zip" />
    <property name="sun.java2d.dpiaware" value="true" />
    <property name="libs.hibernate4-persistence.maven-pom" value="" />
    <property name="https.nonProxyHosts" value="localhost|127.0.0.1|rk-NB" />
    <property name="libs.PostgreSQLDriver.maven-pom" value="" />
    <property name="libs.javaCard_2.1.2.javadoc" value="" />
    <property name="java.class.version" value="52.0" />
    <property name="libs.hibernate4-persistencemodelgen.maven-pom" value="" />
    <property name="libs.eclipselink.javadoc" value="C:\Program Files (x86)\NetBeans 8.0.1\java\modules\ext\docs\javax.persistence-2.1.0-doc.zip" />
    <property name="user.properties.file" value="C:\Users\rk\AppData\Roaming\NetBeans\8.0.1\build.properties" />
    <property name="runtime.encoding" value="UTF-8" />
    <property name="libs.javac-api.maven-pom" value="" />
    <property name="file.encoding.pkg" value="sun.io" />
    <property name="sun.cpu.endian" value="little" />
    <property name="libs.JAXB-ENDORSED.javadoc" value="" />
    <property name="libs.JWSAntTasks.classpath" value="C:\Program Files (x86)\NetBeans 8.0.1\java\ant\extra\org-netbeans-modules-javawebstart-anttasks.jar" />
    <property name="libs.spring-framework300.src" value="" />
    <property name="empty.dir" value="D:\workspace\ExpenseManager\build\empty" />
    <property name="version-output" value="java version &quot;1.8" />
    <property name="test.binarytestincludes" value="" />
    <property name="libs.hibernate4-persistencemodelgen.src" value="" />
    <property name="javadoc.preview" value="true" />
    <property name="libs.jpa20-persistence.javadoc" value="C:\Program Files (x86)\NetBeans 8.0.1\java\modules\ext\docs\javax.persistence-2.1.0-doc.zip" />
    <property name="java.home" value="C:\Program Files (x86)\Java\jdk1.8.0_25\jre" />
    <property name="debug.test.classpath" value=":build/classes:C:\Program Files (x86)\NetBeans 8.0.1\platform\modules\ext\junit-4.10.jar:build/test/classes" />
    <property name="netbeans.importclass" value="org.netbeans.upgrade.AutoUpgrade" />
    <property name="ant.project.default-target" value="default" />
    <property name="annotation.processing.run.all.processors" value="true" />
    <property name="libs.MyLibrary.classpath" value="" />
    <property name="libs.PostgreSQLDriver.javadoc" value="" />
    <property name="libs.MySQLDriver.maven-pom" value="" />
    <property name="libs.hibernate4-persistence.javadoc" value="C:\Program Files (x86)\NetBeans 8.0.1\java\modules\ext\docs\javax.persistence-2.1.0-doc.zip" />
    <property name="libs.JC2.2.1.src" value="" />
    <property name="http.nonProxyHosts" value="localhost|127.0.0.1|rk-NB" />
    <property name="libs.junit_4.javadoc" value="C:\Program Files (x86)\NetBeans 8.0.1\java\docs\junit-4.10-javadoc.jar" />
    <property name="run.classpath" value=":build/classes" />
    <property name="jna.boot.library.name" value="jnidispatch-410" />
    <property name="sun.awt.datatransfer.timeout" value="1000" />
    <property name="libs.jpa2-persistence.maven-pom" value="" />
    <property name="annotation.processing.enabled.in.editor" value="false" />
    <property name="libs.hibernate4-support.classpath" value="C:\Program Files (x86)\NetBeans 8.0.1\java\modules\ext\hibernate4\antlr-2.7.7.jar;C:\Program Files (x86)\NetBeans 8.0.1\java\modules\ext\hibernate4\c3p0-0.9.2.1.jar;C:\Program Files (x86)\NetBeans 8.0.1\java\modules\ext\hibernate4\hibernate-c3p0-4.3.1.Final.jar;C:\Program Files (x86)\NetBeans 8.0.1\java\modules\ext\hibernate4\mchange-commons-java-0.2.3.4.jar;C:\Program Files (x86)\NetBeans 8.0.1\java\modules\ext\hibernate4\dom4j-1.6.1.jar;C:\Program Files (x86)\NetBeans 8.0.1\java\modules\ext\hibernate4\ehcache-core-2.4.3.jar;C:\Program Files (x86)\NetBeans 8.0.1\java\modules\ext\hibernate4\hibernate-ehcache-4.3.1.Final.jar;C:\Program Files (x86)\NetBeans 8.0.1\java\modules\ext\hibernate4\hibernate-core-4.3.1.Final.jar;C:\Program Files (x86)\NetBeans 8.0.1\java\modules\ext\hibernate4\jboss-logging-3.1.3.GA.jar;C:\Program Files (x86)\NetBeans 8.0.1\java\modules\ext\hibernate4\hibernate-commons-annotations-4.0.4.Final.jar;C:\Program Files (x86)\NetBeans 8.0.1\java\modules\ext\hibernate4\hibernate-entitymanager-4.3.1.Final.jar;C:\Program Files (x86)\NetBeans 8.0.1\java\modules\ext\hibernate4\javassist-3.18.1-GA.jar;C:\Program Files (x86)\NetBeans 8.0.1\java\modules\ext\hibernate4\jboss-transaction-api_1.2_spec-1.0.0.Final.jar;C:\Program Files (x86)\NetBeans 8.0.1\java\modules\ext\hibernate4\slf4j-api-1.6.1.jar;C:\Program Files (x86)\NetBeans 8.0.1\java\modules\ext\hibernate4\slf4j-simple-1.6.1.jar" />
    <property name="nb.native.filechooser" value="false" />
    <property name="sun.management.compiler" value="HotSpot Client Compiler" />
    <property name="javac.deprecation" value="false" />
    <property name="javadoc.use" value="true" />
    <property name="sun.java2d.noddraw" value="true" />
    <property name="javac.processorpath" value="" />
    <property name="javac.compilerargs" value="" />
    <property name="ant.file" value="D:\workspace\ExpenseManager\build.xml" />
    <property name="libs.beans-binding.maven-pom" value="" />
    <property name="libs.hibernate4-support.javadoc" value="C:\Program Files (x86)\NetBeans 8.0.1\java\modules\ext\docs\javax.persistence-2.1.0-doc.zip" />
    <property name="libs.jksim2.2.1.javadoc" value="" />
    <property name="libs.beans-binding.src" value="" />
    <property name="libs.JC2.2.1.maven-pom" value="" />
    <property name="java.vm.specification.vendor" value="Oracle Corporation" />
    <property name="libs.swing-layout.src" value="C:\Program Files (x86)\NetBeans 8.0.1\platform\docs\swing-layout-1.0.4-src.zip" />
    <property name="org.openide.major.version" value="IDE/1" />
    <property name="java.vm.name" value="Java HotSpot(TM) Client VM" />
    <property name="netbeans.user" value="C:\Users\rk\AppData\Roaming\NetBeans\8.0.1" />
    <property name="javadoc.additionalparam" value="" />
    <property name="java.io.tmpdir" value="C:\Users\rk\AppData\Local\Temp\" />
    <property name="java.vendor.url" value="http://java.oracle.com/" />
    <property name="endorsed.classpath.cmd.line.arg" value="" />
    <property name="junit.available" value="true" />
    <property name="org.openide.awt.ActionReference.completion" value="org.netbeans.modules.apisupport.project.layers.PathCompletions" />
    <property name="sun.boot.library.path" value="C:\Program Files (x86)\Java\jdk1.8.0_25\jre\bin" />
    <property name="have.sources" value="true" />
    <property name="debug.classpath" value=":build/classes" />
    <property name="javadoc.private" value="false" />
    <property name="test.src.dir" value="test" />
    <property name="libs.MyLibrary.javadoc" value="" />
    <property name="ap.processors.internal" value="" />
    <property name="meta.inf.dir" value="src/META-INF" />
    <property name="javadoc.encoding.used" value="UTF-8" />
    <property name="dist.jar" value="dist/ExpenseManager.jar" />
    <property name="libs.spring-framework400.maven-pom" value="" />
    <property name="java.runtime.name" value="Java(TM) SE Runtime Environment" />
    <property name="ant.project.name" value="ExpenseManager" />
    <property name="ant.file.type.ExpenseManager" value="file" />
    <property name="netbeans.hash.code" value="unique=NB_EXTIDE_JAVA0580f6e59-1949-4c7a-8515-1d0be9d7cbdf_c37044ce-04a5-4cc9-b3f4-8741638215d9" />
    <property name="netbeans.default_userdir_root" value="C:\Users\rk\AppData\Roaming\NetBeans" />
    <property name="sun.cpu.isalist" value="pentium_pro+mmx pentium_pro pentium+mmx pentium i486 i386 i86" />
    <property name="libs.spring-framework400.javadoc" value="" />
    <property name="libs.CopyLibs.javadoc" value="" />
    <property name="org.openide.specification.version" value="6.2" />
    <property name="user.home" value="C:\Users\rk" />
    <property name="annotation.processing.processors.list" value="" />
    <property name="debug-args-line" value="-Xdebug" />
    <property name="libs.JWSAntTasks.src" value="" />
    <property name="jar.index" value="false" />
    <property name="libs.CopyLibs.maven-pom" value="" />
    <property name="libs.spring-framework300.javadoc" value="" />
    <property name="libs.absolutelayout.javadoc" value="" />
    <property name="java.specification.name" value="Java Platform API Specification" />
    <property name="java.specification.vendor" value="Oracle Corporation" />
    <property name="libs.javac-api.classpath" value="C:\Program Files (x86)\NetBeans 8.0.1\java\modules\ext\nb-javac-api.jar" />
    <property name="java.version" value="1.8.0_25" />
    <property name="run.jvmargs.ide" value="" />
    <property name="javadoc.version" value="false" />
    <property name="libs.MySQLDriver.javadoc" value="" />
    <property name="org.openide.version" value="deprecated" />
    <property name="platform.java" value="C:\Program Files (x86)\Java\jdk1.8.0_25\jre/bin/java" />
    <property name="source.encoding" value="UTF-8" />
    <property name="ap.cmd.line.internal" value="" />
    <property name="libs.eclipselinkmodelgen.maven-pom" value="" />
    <property name="libs.junit.maven-pom" value="" />
    <property name="libs.eclipselinkmodelgen.javadoc" value="" />
    <property name="netbeans.home+have.tests" value="true" />
    <property name="annotation.processing.processor.options" value="" />
    <property name="libs.testng.maven-pom" value="" />
    <property name="libs.jaxb.src" value="" />
    <property name="work.dir" value="D:\workspace\ExpenseManager" />
    <property name="libs.jaxb.classpath" value="C:\Program Files (x86)\NetBeans 8.0.1\ide\modules\ext\jaxb\jaxb-impl.jar;C:\Program Files (x86)\NetBeans 8.0.1\ide\modules\ext\jaxb\jaxb-xjc.jar;C:\Program Files (x86)\NetBeans 8.0.1\ide\modules\ext\jaxb\jaxb1-impl.jar;C:\Program Files (x86)\NetBeans 8.0.1\ide\modules\ext\jaxb\activation.jar;C:\Program Files (x86)\NetBeans 8.0.1\ide\modules\ext\jaxb\api\jaxb-api.jar;C:\Program Files (x86)\NetBeans 8.0.1\ide\modules\ext\jaxb\api\jsr173_1.0_api.jar" />
    <property name="do.depend" value="false" />
    <property name="dist.javadoc.dir" value="dist/javadoc" />
    <property name="libs.swing-layout.classpath" value="C:\Program Files (x86)\NetBeans 8.0.1\platform\modules\ext\swing-layout-1.0.4.jar" />
    <property name="build.generated.dir" value="build/generated" />
    <property name="javac.source" value="1.8" />
    <property name="line.separator" value="&#xd;&#xa;" />
    <property name="java.specification.version" value="1.8" />
    <property name="libs.jaxws21.maven-pom" value="" />
    <property name="java.vm.info" value="mixed mode, sharing" />
    <property name="nb.junit.batch" value="true" />
    <property name="junit.forkmode" value="perTest" />
    <property name="libs.javaCard_2.1.2.classpath" value="D:\lab\smartcard\java_card_kit-2_1_2\lib\api21.jar" />
    <property name="sun.boot.class.path" value="C:\Program Files (x86)\Java\jdk1.8.0_25\jre\lib\resources.jar;C:\Program Files (x86)\Java\jdk1.8.0_25\jre\lib\rt.jar;C:\Program Files (x86)\Java\jdk1.8.0_25\jre\lib\sunrsasign.jar;C:\Program Files (x86)\Java\jdk1.8.0_25\jre\lib\jsse.jar;C:\Program Files (x86)\Java\jdk1.8.0_25\jre\lib\jce.jar;C:\Program Files (x86)\Java\jdk1.8.0_25\jre\lib\charsets.jar;C:\Program Files (x86)\Java\jdk1.8.0_25\jre\lib\jfr.jar;C:\Program Files (x86)\Java\jdk1.8.0_25\jre\classes" />
    <property name="javac.target" value="1.8" />
    <property name="built-jar.properties" value="D:\workspace\ExpenseManager\build\built-jar.properties" />
    <property name="build.test.classes.dir" value="build/test/classes" />
    <property name="src.dir" value="src" />
    <property name="annotation.processing.enabled" value="true" />
    <property name="libs.jpa2-persistence.src" value="" />
    <property name="sun.awt.keepWorkingSetOnMinimize" value="true" />
    <property name="libs.jpa20-persistence.src" value="" />
    <property name="ignore.failing.tests" value="true" />
    <property name="dist.dir" value="dist" />
    <property name="testng.debug.mode" value="" />
    <property name="javac.fork" value="false" />
    <property name="java.awt.printerjob" value="sun.awt.windows.WPrinterJob" />
    <property name="default.javac.source" value="1.8" />
    <property name="debug-transport-by-os" value="dt_shmem" />
    <property name="libs.MySQLDriver.src" value="" />
    <property name="sun.jnu.encoding" value="Cp1250" />
    <property name="java.runtime.version" value="1.8.0_25-b18" />
    <property name="build.test.results.dir" value="build/test/results" />
    <property name="libs.jksim2.2.1.classpath" value="D:\lab\smartcard\jcardsim-2.2.1-all.jar" />
    <property name="default.javac.target" value="1.8" />
    <property name="libs.junit_4.classpath" value="C:\Program Files (x86)\NetBeans 8.0.1\platform\modules\ext\junit-4.10.jar" />
    <property name="user.timezone" value="Europe/Prague" />
    <property name="nb.junit.single" value="false" />
    <property name="netbeans.dirs" value="C:\Program Files (x86)\NetBeans 8.0.1\nb;C:\Program Files (x86)\NetBeans 8.0.1\ergonomics;C:\Program Files (x86)\NetBeans 8.0.1\ide;C:\Program Files (x86)\NetBeans 8.0.1\extide;C:\Program Files (x86)\NetBeans 8.0.1\java;C:\Program Files (x86)\NetBeans 8.0.1\apisupport;C:\Program Files (x86)\NetBeans 8.0.1\webcommon;C:\Program Files (x86)\NetBeans 8.0.1\websvccommon;C:\Program Files (x86)\NetBeans 8.0.1\enterprise;C:\Program Files (x86)\NetBeans 8.0.1\mobility;C:\Program Files (x86)\NetBeans 8.0.1\profiler;C:\Program Files (x86)\NetBeans 8.0.1\python;C:\Program Files (x86)\NetBeans 8.0.1\php;C:\Program Files (x86)\NetBeans 8.0.1\identity;C:\Program Files (x86)\NetBeans 8.0.1\harness;C:\Program Files (x86)\NetBeans 8.0.1\cnd;C:\Program Files (x86)\NetBeans 8.0.1\dlight;C:\Program Files (x86)\NetBeans 8.0.1\groovy;C:\Program Files (x86)\NetBeans 8.0.1\extra;C:\Program Files (x86)\NetBeans 8.0.1\javacard;C:\Program Files (x86)\NetBeans 8.0.1\javafx" />
    <property name="java.ext.dirs" value="C:\Program Files (x86)\Java\jdk1.8.0_25\jre\lib\ext;C:\Windows\Sun\Java\lib\ext" />
    <property name="libs.MyLibrary.maven-pom" value="" />
    <property name="libs.absolutelayout.classpath" value="C:\Program Files (x86)\NetBeans 8.0.1\java\modules\ext\AbsoluteLayout.jar;D:\lab\smartcard\java_card_kit-2_2_1\lib" />
    <property name="excludes" value="" />
    <property name="libs.jpa2-persistence.javadoc" value="C:\Program Files (x86)\NetBeans 8.0.1\java\modules\ext\docs\javax.persistence-2.1.0-doc.zip" />
    <property name="java.class.path" value="D:\workspace\ExpenseManager\build\classes;C:\Program Files (x86)\NetBeans 8.0.1\platform\modules\ext\junit-4.10.jar;D:\workspace\ExpenseManager\build\test\classes;D:\workspace\ExpenseManager;c:\Program Files (x86)\QuickTime\QTSystem\QTJava.zip;C:\Program Files (x86)\NetBeans 8.0.1\extide\ant\lib\ant-launcher.jar;C:\Program Files (x86)\NetBeans 8.0.1\extide\ant\lib\ant.jar;C:\Program Files (x86)\NetBeans 8.0.1\extide\ant\lib\ant-junit.jar;C:\Program Files (x86)\NetBeans 8.0.1\extide\ant\lib\ant-junit4.jar" />
    <property name="apple.laf.useScreenMenuBar" value="true" />
    <property name="do.mkdist" value="true" />
    <property name="libs.absolutelayout.src" value="" />
    <property name="libs.jpa20-persistence.classpath" value="C:\Program Files (x86)\NetBeans 8.0.1\java\modules\ext\eclipselink\javax.persistence_2.1.0.v201304241213.jar" />
    <property name="os.version" value="6.1" />
    <property name="application.args" value="" />
    <property name="sun.awt.enableExtraMouseButtons" value="true" />
    <property name="sun.desktop" value="windows" />
    <property name="libs.hibernate4-persistence.src" value="" />
    <property name="ant.file.ExpenseManager" value="D:\workspace\ExpenseManager\build.xml" />
    <property name="libs.hibernate4-support.maven-pom" value="" />
    <property name="nb.internal.action.name" value="test" />
    <property name="libs.JAXB-ENDORSED.classpath" value="C:\Program Files (x86)\NetBeans 8.0.1\ide\modules\ext\jaxb\api\jaxb-api.jar" />
    <property name="libs.eclipselink.classpath" value="C:\Program Files (x86)\NetBeans 8.0.1\java\modules\ext\eclipselink\eclipselink.jar;C:\Program Files (x86)\NetBeans 8.0.1\java\modules\ext\eclipselink\javax.persistence_2.1.0.v201304241213.jar;C:\Program Files (x86)\NetBeans 8.0.1\java\modules\ext\eclipselink\org.eclipse.persistence.jpa.jpql_2.5.2.v20140319-9ad6abd.jar" />
    <property name="java.awt.graphicsenv" value="sun.awt.Win32GraphicsEnvironment" />
    <property name="libs.beans-binding.javadoc" value="C:\Program Files (x86)\NetBeans 8.0.1\java\docs\beansbinding-1.2.1-doc.zip" />
    <property name="java.vm.vendor" value="Oracle Corporation" />
    <property name="libs.CopyLibs.classpath" value="C:\Program Files (x86)\NetBeans 8.0.1\java\ant\extra\org-netbeans-modules-java-j2seproject-copylibstask.jar" />
    <property name="libs.spring-framework300.classpath" value="C:\Program Files (x86)\NetBeans 8.0.1\ide\modules\org-apache-commons-logging.jar;C:\Program Files (x86)\NetBeans 8.0.1\java\modules\ext\cglib-2.2.jar;C:\Program Files (x86)\NetBeans 8.0.1\java\modules\ext\spring-3.0\spring-aop-3.2.7.RELEASE.jar;C:\Program Files (x86)\NetBeans 8.0.1\java\modules\ext\spring-3.0\spring-aspects-3.2.7.RELEASE.jar;C:\Program Files (x86)\NetBeans 8.0.1\java\modules\ext\spring-3.0\spring-beans-3.2.7.RELEASE.jar;C:\Program Files (x86)\NetBeans 8.0.1\java\modules\ext\spring-3.0\spring-build-src-3.2.7.RELEASE.jar;C:\Program Files (x86)\NetBeans 8.0.1\java\modules\ext\spring-3.0\spring-context-3.2.7.RELEASE.jar;C:\Program Files (x86)\NetBeans 8.0.1\java\modules\ext\spring-3.0\spring-context-support-3.2.7.RELEASE.jar;C:\Program Files (x86)\NetBeans 8.0.1\java\modules\ext\spring-3.0\spring-core-3.2.7.RELEASE.jar;C:\Program Files (x86)\NetBeans 8.0.1\java\modules\ext\spring-3.0\spring-expression-3.2.7.RELEASE.jar;C:\Program Files (x86)\NetBeans 8.0.1\java\modules\ext\spring-3.0\spring-framework-bom-3.2.7.RELEASE.jar;C:\Program Files (x86)\NetBeans 8.0.1\java\modules\ext\spring-3.0\spring-instrument-3.2.7.RELEASE.jar;C:\Program Files (x86)\NetBeans 8.0.1\java\modules\ext\spring-3.0\spring-instrument-tomcat-3.2.7.RELEASE.jar;C:\Program Files (x86)\NetBeans 8.0.1\java\modules\ext\spring-3.0\spring-jdbc-3.2.7.RELEASE.jar;C:\Program Files (x86)\NetBeans 8.0.1\java\modules\ext\spring-3.0\spring-jms-3.2.7.RELEASE.jar;C:\Program Files (x86)\NetBeans 8.0.1\java\modules\ext\spring-3.0\spring-orm-3.2.7.RELEASE.jar;C:\Program Files (x86)\NetBeans 8.0.1\java\modules\ext\spring-3.0\spring-oxm-3.2.7.RELEASE.jar;C:\Program Files (x86)\NetBeans 8.0.1\java\modules\ext\spring-3.0\spring-struts-3.2.7.RELEASE.jar;C:\Program Files (x86)\NetBeans 8.0.1\java\modules\ext\spring-3.0\spring-test-3.2.7.RELEASE.jar;C:\Program Files (x86)\NetBeans 8.0.1\java\modules\ext\spring-3.0\spring-tx-3.2.7.RELEASE.jar;C:\Program Files (x86)\NetBeans 8.0.1\java\modules\ext\spring-3.0\spring-web-3.2.7.RELEASE.jar;C:\Program Files (x86)\NetBeans 8.0.1\java\modules\ext\spring-3.0\spring-webmvc-3.2.7.RELEASE.jar;C:\Program Files (x86)\NetBeans 8.0.1\java\modules\ext\spring-3.0\spring-webmvc-portlet-3.2.7.RELEASE.jar" />
    <property name="run.jvmargs" value="" />
    <property name="libs.hibernate4-persistence.classpath" value="C:\Program Files (x86)\NetBeans 8.0.1\java\modules\ext\hibernate4\antlr-2.7.7.jar;C:\Program Files (x86)\NetBeans 8.0.1\java\modules\ext\hibernate4\c3p0-0.9.2.1.jar;C:\Program Files (x86)\NetBeans 8.0.1\java\modules\ext\hibernate4\hibernate-c3p0-4.3.1.Final.jar;C:\Program Files (x86)\NetBeans 8.0.1\java\modules\ext\hibernate4\mchange-commons-java-0.2.3.4.jar;C:\Program Files (x86)\NetBeans 8.0.1\java\modules\ext\hibernate4\dom4j-1.6.1.jar;C:\Program Files (x86)\NetBeans 8.0.1\java\modules\ext\hibernate4\ehcache-core-2.4.3.jar;C:\Program Files (x86)\NetBeans 8.0.1\java\modules\ext\hibernate4\hibernate-ehcache-4.3.1.Final.jar;C:\Program Files (x86)\NetBeans 8.0.1\java\modules\ext\hibernate4\hibernate-core-4.3.1.Final.jar;C:\Program Files (x86)\NetBeans 8.0.1\java\modules\ext\hibernate4\jboss-logging-3.1.3.GA.jar;C:\Program Files (x86)\NetBeans 8.0.1\java\modules\ext\hibernate4\hibernate-commons-annotations-4.0.4.Final.jar;C:\Program Files (x86)\NetBeans 8.0.1\java\modules\ext\hibernate4\hibernate-entitymanager-4.3.1.Final.jar;C:\Program Files (x86)\NetBeans 8.0.1\java\modules\ext\hibernate4\javassist-3.18.1-GA.jar;C:\Program Files (x86)\NetBeans 8.0.1\java\modules\ext\hibernate4\jboss-transaction-api_1.2_spec-1.0.0.Final.jar;C:\Program Files (x86)\NetBeans 8.0.1\java\modules\ext\hibernate4\slf4j-api-1.6.1.jar;C:\Program Files (x86)\NetBeans 8.0.1\java\modules\ext\hibernate4\slf4j-simple-1.6.1.jar;C:\Program Files (x86)\NetBeans 8.0.1\java\modules\ext\hibernate4\hibernate-jpa-2.1-api-1.0.0.Final.jar" />
    <property name="libs.JAXB-ENDORSED.src" value="" />
    <property name="dist.archive.excludes" value="" />
    <property name="libs.testng.javadoc" value="C:\Program Files (x86)\NetBeans 8.0.1\platform\docs\testng-6.8.1-javadoc.zip" />
    <property name="user.script" value="" />
    <property name="libs.PostgreSQLDriver.classpath" value="C:\Program Files (x86)\NetBeans 8.0.1\ide\modules\ext\postgresql-9.2-1002.jdbc4.jar" />
    <property name="libs.hibernate4-persistencemodelgen.classpath" value="C:\Program Files (x86)\NetBeans 8.0.1\java\modules\ext\hibernate4\hibernate-jpamodelgen-4.3.1.Final.jar" />
    <property name="libs.junit.src" value="" />
    <property name="annotation.processing.source.output" value="build/generated-sources/ap-source-output" />
    <property name="main.class" value="" />
    <property name="libs.CopyLibs.src" value="" />
    <property name="build.dir" value="build" />
    <property name="ant.file.type.ExpenseManager-impl" value="file" />
    <property name="ant.version" value="Apache Ant(TM) version 1.9.4 compiled on April 29 2014" />
    <property name="file.encoding" value="Cp1250" />
    <property name="build.classes.excludes" value="**/*.java,**/*.form" />
    <property name="jdkBug6558476" value="false" />
    <property name="javadoc.nonavbar" value="false" />
    <property name="platform.active" value="default_platform" />
    <property name="awt.toolkit" value="sun.awt.windows.WToolkit" />
  </properties>
  <testcase classname="expensemanager.AccountManagerImplTest" name="testCreateAccount" time="0.01">
    <error message="Not supported yet." type="java.lang.UnsupportedOperationException">java.lang.UnsupportedOperationException: Not supported yet.
	at expensemanager.AccountManagerImpl.createAccount(AccountManagerImpl.java:18)
	at expensemanager.AccountManagerImplTest.testCreateAccount(AccountManagerImplTest.java:37)
</error>
  </testcase>
  <testcase classname="expensemanager.AccountManagerImplTest" name="getContact" time="0.001">
    <error message="Not supported yet." type="java.lang.UnsupportedOperationException">java.lang.UnsupportedOperationException: Not supported yet.
	at expensemanager.AccountManagerImpl.getAccount(AccountManagerImpl.java:33)
	at expensemanager.AccountManagerImplTest.getContact(AccountManagerImplTest.java:49)
</error>
  </testcase>
  <testcase classname="expensemanager.AccountManagerImplTest" name="updateGrave" time="0.001">
    <error message="Not supported yet." type="java.lang.UnsupportedOperationException">java.lang.UnsupportedOperationException: Not supported yet.
	at expensemanager.AccountManagerImpl.createAccount(AccountManagerImpl.java:18)
	at expensemanager.AccountManagerImplTest.updateGrave(AccountManagerImplTest.java:63)
</error>
  </testcase>
  <system-out><![CDATA[]]></system-out>
  <system-err><![CDATA[]]></system-err>
</testsuite>
